# JRE version: OpenJDK Runtime Environment (21.0.8) (build 21.0.8+-14196175-b1038.72)
# Java VM: OpenJDK 64-Bit Server VM (21.0.8+-14196175-b1038.72, mixed mode, tiered, compressed oops, compressed class ptrs, g1 gc, windows-amd64)
GC Precious Log:
 CardTable entry size: 512
 Card Set container configuration: InlinePtr #cards 5 size 8 Array Of Cards #cards 12 size 40 Howl #buckets 4 coarsen threshold 1843 Howl Bitmap #cards 512 size 80 coarsen threshold 460 Card regions per heap region 1 cards per card region 2048
 CPUs: 8 total, 8 available
 Memory: 16219M
 Large Page Support: Disabled
 NUMA Support: Disabled
 Compressed Oops: Enabled (32-bit)
 Heap Region Size: 1M
 Heap Min Capacity: 256M
 Heap Initial Capacity: 256M
 Heap Max Capacity: 512M
 Pre-touch: Disabled
 Parallel Workers: 8
 Concurrent Workers: 2
 Concurrent Refinement Workers: 8
 Periodic GC: Disabled
Heap:
 garbage-first heap   total 262144K, used 115868K [0x00000000e0000000, 0x0000000100000000)
  region size 1024K, 108 young (110592K), 14 survivors (14336K)
 Metaspace       used 35178K, committed 35968K, reserved 393216K
  class space    used 4862K, committed 5248K, reserved 327680K
GC Heap History (7 events):
Event: 1.182 GC heap before
{Heap before GC invocations=0 (full 0):
 garbage-first heap   total 262144K, used 23552K [0x00000000e0000000, 0x0000000100000000)
  region size 1024K, 23 young (23552K), 0 survivors (0K)
 Metaspace       used 7633K, committed 7808K, reserved 393216K
  class space    used 705K, committed 768K, reserved 327680K
}
Event: 1.218 GC heap after
{Heap after GC invocations=1 (full 0):
 garbage-first heap   total 262144K, used 1749K [0x00000000e0000000, 0x0000000100000000)
  region size 1024K, 2 young (2048K), 2 survivors (2048K)
 Metaspace       used 7633K, committed 7808K, reserved 393216K
  class space    used 705K, committed 768K, reserved 327680K
}
Event: 3.150 GC heap before
{Heap before GC invocations=1 (full 0):
 garbage-first heap   total 262144K, used 40661K [0x00000000e0000000, 0x0000000100000000)
  region size 1024K, 38 young (38912K), 2 survivors (2048K)
 Metaspace       used 12339K, committed 12544K, reserved 393216K
  class space    used 1346K, committed 1408K, reserved 327680K
}
Event: 3.159 GC heap after
{Heap after GC invocations=2 (full 0):
 garbage-first heap   total 262144K, used 11171K [0x00000000e0000000, 0x0000000100000000)
  region size 1024K, 5 young (5120K), 5 survivors (5120K)
 Metaspace       used 12339K, committed 12544K, reserved 393216K
  class space    used 1346K, committed 1408K, reserved 327680K
}
Event: 5.661 GC heap before
{Heap before GC invocations=2 (full 0):
 garbage-first heap   total 262144K, used 94115K [0x00000000e0000000, 0x0000000100000000)
  region size 1024K, 85 young (87040K), 5 survivors (5120K)
 Metaspace       used 21208K, committed 21504K, reserved 393216K
  class space    used 2518K, committed 2624K, reserved 327680K
}
Event: 5.674 GC heap after
{Heap after GC invocations=3 (full 0):
 garbage-first heap   total 262144K, used 19911K [0x00000000e0000000, 0x0000000100000000)
  region size 1024K, 13 young (13312K), 13 survivors (13312K)
 Metaspace       used 21208K, committed 21504K, reserved 393216K
  class space    used 2518K, committed 2624K, reserved 327680K
}
Event: 9.061 GC heap before
{Heap before GC invocations=4 (full 0):
 garbage-first heap   total 262144K, used 114119K [0x00000000e0000000, 0x0000000100000000)
  region size 1024K, 107 young (109568K), 13 survivors (13312K)
 Metaspace       used 35178K, committed 35968K, reserved 393216K
  class space    used 4862K, committed 5248K, reserved 327680K
}

